<?xml version="1.0" encoding="UTF-8"?>
<testng-results skipped="0" failed="0" ignored="0" total="3" passed="3">
  <reporter-output>
  </reporter-output>
  <suite name="Free CRM Application Test Automation Test Suite" duration-ms="68046" started-at="2021-03-20T12:44:15 IST" finished-at="2021-03-20T12:45:23 IST">
    <groups>
    </groups>
    <test name="Free CRM Application Test Casses" duration-ms="68046" started-at="2021-03-20T12:44:15 IST" finished-at="2021-03-20T12:45:23 IST">
      <class name="com.qa.testcases.LoginPageTest">
        <test-method status="PASS" signature="setUp()[pri:0, instance:com.qa.testcases.LoginPageTest@568bf312]" name="setUp" is-config="true" duration-ms="24985" started-at="2021-03-20T12:44:15 IST" finished-at="2021-03-20T12:44:40 IST">
          <reporter-output>
          </reporter-output>
        </test-method> <!-- setUp -->
        <test-method status="PASS" signature="loginPageTitleTest()[pri:1, instance:com.qa.testcases.LoginPageTest@568bf312]" name="loginPageTitleTest" duration-ms="67" started-at="2021-03-20T12:44:40 IST" finished-at="2021-03-20T12:44:40 IST">
          <reporter-output>
          </reporter-output>
        </test-method> <!-- loginPageTitleTest -->
        <test-method status="PASS" signature="tearDown()[pri:0, instance:com.qa.testcases.LoginPageTest@568bf312]" name="tearDown" is-config="true" duration-ms="722" started-at="2021-03-20T12:44:40 IST" finished-at="2021-03-20T12:44:40 IST">
          <reporter-output>
          </reporter-output>
        </test-method> <!-- tearDown -->
        <test-method status="PASS" signature="setUp()[pri:0, instance:com.qa.testcases.LoginPageTest@568bf312]" name="setUp" is-config="true" duration-ms="12068" started-at="2021-03-20T12:44:40 IST" finished-at="2021-03-20T12:44:53 IST">
          <reporter-output>
          </reporter-output>
        </test-method> <!-- setUp -->
        <test-method status="PASS" signature="classicTextTest()[pri:2, instance:com.qa.testcases.LoginPageTest@568bf312]" name="classicTextTest" duration-ms="293" started-at="2021-03-20T12:44:53 IST" finished-at="2021-03-20T12:44:53 IST">
          <reporter-output>
          </reporter-output>
        </test-method> <!-- classicTextTest -->
        <test-method status="PASS" signature="tearDown()[pri:0, instance:com.qa.testcases.LoginPageTest@568bf312]" name="tearDown" is-config="true" duration-ms="852" started-at="2021-03-20T12:44:53 IST" finished-at="2021-03-20T12:44:54 IST">
          <reporter-output>
          </reporter-output>
        </test-method> <!-- tearDown -->
        <test-method status="PASS" signature="setUp()[pri:0, instance:com.qa.testcases.LoginPageTest@568bf312]" name="setUp" is-config="true" duration-ms="17716" started-at="2021-03-20T12:44:54 IST" finished-at="2021-03-20T12:45:11 IST">
          <reporter-output>
          </reporter-output>
        </test-method> <!-- setUp -->
        <test-method status="PASS" signature="loginTest()[pri:3, instance:com.qa.testcases.LoginPageTest@568bf312]" name="loginTest" duration-ms="10603" started-at="2021-03-20T12:45:11 IST" finished-at="2021-03-20T12:45:22 IST">
          <reporter-output>
          </reporter-output>
        </test-method> <!-- loginTest -->
        <test-method status="PASS" signature="tearDown()[pri:0, instance:com.qa.testcases.LoginPageTest@568bf312]" name="tearDown" is-config="true" duration-ms="679" started-at="2021-03-20T12:45:22 IST" finished-at="2021-03-20T12:45:23 IST">
          <reporter-output>
          </reporter-output>
        </test-method> <!-- tearDown -->
      </class> <!-- com.qa.testcases.LoginPageTest -->
    </test> <!-- Free CRM Application Test Casses -->
  </suite> <!-- Free CRM Application Test Automation Test Suite -->
</testng-results>
