<?xml version="1.0" encoding="UTF-8"?>
<!-- Generated by org.testng.reporters.JUnitXMLReporter -->
<testsuite hostname="SKNEETS" ignored="0" name="Free CRM Application Test Casses" tests="3" failures="0" timestamp="2021-03-20T12:45:23 IST" time="68.046" errors="0">
  <testcase name="loginPageTitleTest" time="0.067" classname="com.qa.testcases.LoginPageTest"/>
  <testcase name="classicTextTest" time="0.293" classname="com.qa.testcases.LoginPageTest"/>
  <testcase name="loginTest" time="10.603" classname="com.qa.testcases.LoginPageTest"/>
</testsuite> <!-- Free CRM Application Test Casses -->
